23.02.2024 17:16:11 [main] INFO  Main  - Starting program_____________________________
23.02.2024 17:16:39 [main] INFO  Main  - Starting program_____________________________
23.02.2024 17:16:53 [main] INFO  Main  - Starting program_____________________________
23.02.2024 17:17:20 [main] INFO  Main  - Starting program_____________________________
23.02.2024 17:17:51 [main] INFO  Main  - Starting program_____________________________
23.02.2024 17:25:26 [main] INFO  Main  - Starting program_____________________________
23.02.2024 17:34:15 [main] INFO  Main  - Starting program_____________________________
23.02.2024 17:34:17 [main] INFO  Main  - Starting program_____________________________
23.02.2024 17:34:21 [main] INFO  Main  - Starting program_____________________________
23.02.2024 17:34:36 [main] INFO  Main  - Starting program_____________________________
23.02.2024 17:37:43 [main] INFO  Main  - Starting program_____________________________
23.02.2024 17:38:42 [main] INFO  Main  - Starting program_____________________________
23.02.2024 17:39:11 [main] INFO  Main  - Starting program_____________________________
23.02.2024 17:41:54 [main] INFO  Main  - Starting program_____________________________
23.02.2024 17:42:30 [main] INFO  Main  - Starting program_____________________________
23.02.2024 18:02:56 [main] INFO  Main  - Starting program_____________________________
23.02.2024 18:02:56 [main] INFO  Main  - Making Director__________________________
23.02.2024 18:02:56 [main] INFO  Main  - Making engeneers_________________________
23.02.2024 18:02:56 [main] INFO  Main  - Making developers_____________________
23.02.2024 18:02:56 [main] INFO  Main  - Employess with JAVA skill:
23.02.2024 18:02:56 [main] INFO  Main  - Developer - Salary: 6000.0, Skills: Java, Position: Junior, Programming Language: Java
